<!DOCTYPE html>
<html>
<head>
<meta http-equiv="Content-Type" content="text/html; charset=utf-8"/>
<meta http-equiv="x-ua-compatible" content="IE=edge"/>
<title>Test results - Class Arya</title>
<link href="../css/base-style.css" rel="stylesheet" type="text/css"/>
<link href="../css/style.css" rel="stylesheet" type="text/css"/>
<script src="../js/report.js" type="text/javascript"></script>
</head>
<body>
<div id="content">
<h1>Class Arya</h1>
<div class="breadcrumbs">
<a href="../index.html">all</a> &gt; 
<a href="../packages/default-package.html">default-package</a> &gt; Arya</div>
<div id="summary">
<table>
<tr>
<td>
<div class="summaryGroup">
<table>
<tr>
<td>
<div class="infoBox" id="tests">
<div class="counter">3</div>
<p>tests</p>
</div>
</td>
<td>
<div class="infoBox" id="failures">
<div class="counter">2</div>
<p>failures</p>
</div>
</td>
<td>
<div class="infoBox" id="ignored">
<div class="counter">0</div>
<p>ignored</p>
</div>
</td>
<td>
<div class="infoBox" id="duration">
<div class="counter">40.077s</div>
<p>duration</p>
</div>
</td>
</tr>
</table>
</div>
</td>
<td>
<div class="infoBox failures" id="successRate">
<div class="percent">33%</div>
<p>successful</p>
</div>
</td>
</tr>
</table>
</div>
<div id="tabs">
<ul class="tabLinks">
<li>
<a href="#tab0">Failed tests</a>
</li>
<li>
<a href="#tab1">Tests</a>
</li>
</ul>
<div id="tab0" class="tab">
<h2>Failed tests</h2>
<div class="test">
<a name="Scenario: Search a character by family name "></a>
<h3 class="failures">Scenario: Search a character by family name </h3>
<span class="code">
<pre>org.openqa.selenium.NoSuchElementException: no such element: Unable to locate element: {&quot;method&quot;:&quot;xpath&quot;,&quot;selector&quot;:&quot;//*[@id='_com_liferay_game_web_portlet_GamePortlet_characters']&quot;}
  (Session info: headless chrome=61.0.3163.100)
  (Driver info: chromedriver=2.32.498513 (2c63aa53b2c658de596ed550eb5267ec5967b351),platform=Linux 4.4.0-93-generic x86_64) (WARNING: The server did not provide any stacktrace information)
Command duration or timeout: 0 milliseconds
For documentation on this error, please visit: http://seleniumhq.org/exceptions/no_such_element.html
Build info: version: '3.5.3', revision: 'a88d25fe6b', time: '2017-08-29T12:42:44.417Z'
System info: host: 'testing-gce-ea8b409e-d7cf-430f-9d5e-ff2635d51ecc', ip: '127.0.1.1', os.name: 'Linux', os.arch: 'amd64', os.version: '4.4.0-93-generic', java.version: '1.8.0_144'
Driver info: org.openqa.selenium.chrome.ChromeDriver
Capabilities [{mobileEmulationEnabled=false, hasTouchScreen=false, platform=LINUX, acceptSslCerts=true, webStorageEnabled=true, browserName=chrome, takesScreenshot=true, javascriptEnabled=true, platformName=LINUX, setWindowRect=true, unexpectedAlertBehaviour=, applicationCacheEnabled=false, rotatable=false, networkConnectionEnabled=false, chrome={chromedriverVersion=2.32.498513 (2c63aa53b2c658de596ed550eb5267ec5967b351), userDataDir=/tmp/.org.chromium.Chromium.QFsAPb}, takesHeapSnapshot=true, pageLoadStrategy=normal, unhandledPromptBehavior=, databaseEnabled=false, handlesAlerts=true, version=61.0.3163.100, browserConnectionEnabled=false, nativeEvents=true, locationContextEnabled=true, cssSelectorsEnabled=true}]
Session ID: 8761ef8b1dd3252e7185efac474f355a
*** Element info: {Using=xpath, value=//*[@id='_com_liferay_game_web_portlet_GamePortlet_characters']}
	at sun.reflect.NativeConstructorAccessorImpl.newInstance0(Native Method)
	at sun.reflect.NativeConstructorAccessorImpl.newInstance(NativeConstructorAccessorImpl.java:62)
	at sun.reflect.DelegatingConstructorAccessorImpl.newInstance(DelegatingConstructorAccessorImpl.java:45)
	at java.lang.reflect.Constructor.newInstance(Constructor.java:423)
	at org.openqa.selenium.remote.ErrorHandler.createThrowable(ErrorHandler.java:215)
	at org.openqa.selenium.remote.ErrorHandler.throwIfResponseFailed(ErrorHandler.java:167)
	at org.openqa.selenium.remote.http.JsonHttpResponseCodec.reconstructValue(JsonHttpResponseCodec.java:40)
	at org.openqa.selenium.remote.http.AbstractHttpResponseCodec.decode(AbstractHttpResponseCodec.java:82)
	at org.openqa.selenium.remote.http.AbstractHttpResponseCodec.decode(AbstractHttpResponseCodec.java:45)
	at org.openqa.selenium.remote.HttpCommandExecutor.execute(HttpCommandExecutor.java:164)
	at org.openqa.selenium.remote.service.DriverCommandExecutor.execute(DriverCommandExecutor.java:82)
	at org.openqa.selenium.remote.RemoteWebDriver.execute(RemoteWebDriver.java:646)
	at org.openqa.selenium.remote.RemoteWebDriver.findElement(RemoteWebDriver.java:416)
	at org.openqa.selenium.remote.RemoteWebDriver.findElementByXPath(RemoteWebDriver.java:518)
	at org.openqa.selenium.By$ByXPath.findElement(By.java:361)
	at org.openqa.selenium.remote.RemoteWebDriver.findElement(RemoteWebDriver.java:408)
	at org.jboss.arquillian.graphene.enricher.WebElementUtils.dropProxyAndFindElement(WebElementUtils.java:158)
	at org.jboss.arquillian.graphene.enricher.WebElementUtils$1.getTarget(WebElementUtils.java:75)
	at org.jboss.arquillian.graphene.proxy.GrapheneProxyHandler.getTarget(GrapheneProxyHandler.java:149)
	at org.jboss.arquillian.graphene.proxy.GrapheneContextualHandler.invoke(GrapheneContextualHandler.java:124)
	at com.sun.proxy.$Proxy34.unwrap(Unknown Source)
	at org.jboss.arquillian.graphene.enricher.WebElementUtils.dropProxyAndFindElements(WebElementUtils.java:171)
	at org.jboss.arquillian.graphene.enricher.WebElementUtils$2.getTarget(WebElementUtils.java:85)
	at org.jboss.arquillian.graphene.proxy.GrapheneProxyHandler.getTarget(GrapheneProxyHandler.java:149)
	at org.jboss.arquillian.graphene.proxy.GrapheneContextualHandler$1.getTarget(GrapheneContextualHandler.java:218)
	at org.jboss.arquillian.graphene.proxy.GrapheneContextualHandler$1.invoke(GrapheneContextualHandler.java:169)
	at org.jboss.arquillian.graphene.enricher.StaleElementInterceptor$1.apply(StaleElementInterceptor.java:47)
	at org.jboss.arquillian.graphene.enricher.StaleElementInterceptor$1.apply(StaleElementInterceptor.java:43)
	at org.openqa.selenium.support.ui.FluentWait.until(FluentWait.java:209)
	at org.jboss.arquillian.graphene.wait.WebDriverWaitImpl.until(WebDriverWaitImpl.java:96)
	at org.jboss.arquillian.graphene.enricher.StaleElementInterceptor.intercept(StaleElementInterceptor.java:43)
	at org.jboss.arquillian.graphene.proxy.InvocationContextImpl.invoke(InvocationContextImpl.java:87)
	at org.jboss.arquillian.graphene.proxy.GrapheneContextualHandler$2.call(GrapheneContextualHandler.java:241)
	at org.jboss.arquillian.graphene.context.BrowserActions.performAction(BrowserActions.java:62)
	at org.jboss.arquillian.graphene.proxy.GrapheneContextualHandler.invoke(GrapheneContextualHandler.java:237)
	at com.sun.proxy.$Proxy32.get(Unknown Source)
	at com.liferay.game.functional.test.util.FunctionalTestLocatorsHelper.fetchElement(FunctionalTestLocatorsHelper.java:45)
	at com.liferay.game.functional.test.util.CommonSteps.fetchCharacter(CommonSteps.java:91)
	at com.liferay.game.functional.test.util.CommonSteps.findCharacter(CommonSteps.java:104)
	at com.liferay.game.functional.test.CharacterSearchFeatureTest.findCharacter(CharacterSearchFeatureTest.java:63)
	at ✽.Then I see Arya Stark in the list of characters(features/character_search.feature:15)
</pre>
</span>
</div>
<div class="test">
<a name="Scenario: Search a character by name "></a>
<h3 class="failures">Scenario: Search a character by name </h3>
<span class="code">
<pre>org.openqa.selenium.NoSuchElementException: no such element: Unable to locate element: {&quot;method&quot;:&quot;xpath&quot;,&quot;selector&quot;:&quot;//*[@id='_com_liferay_game_web_portlet_GamePortlet_characters']&quot;}
  (Session info: headless chrome=61.0.3163.100)
  (Driver info: chromedriver=2.32.498513 (2c63aa53b2c658de596ed550eb5267ec5967b351),platform=Linux 4.4.0-93-generic x86_64) (WARNING: The server did not provide any stacktrace information)
Command duration or timeout: 0 milliseconds
For documentation on this error, please visit: http://seleniumhq.org/exceptions/no_such_element.html
Build info: version: '3.5.3', revision: 'a88d25fe6b', time: '2017-08-29T12:42:44.417Z'
System info: host: 'testing-gce-ea8b409e-d7cf-430f-9d5e-ff2635d51ecc', ip: '127.0.1.1', os.name: 'Linux', os.arch: 'amd64', os.version: '4.4.0-93-generic', java.version: '1.8.0_144'
Driver info: org.openqa.selenium.chrome.ChromeDriver
Capabilities [{mobileEmulationEnabled=false, hasTouchScreen=false, platform=LINUX, acceptSslCerts=true, webStorageEnabled=true, browserName=chrome, takesScreenshot=true, javascriptEnabled=true, platformName=LINUX, setWindowRect=true, unexpectedAlertBehaviour=, applicationCacheEnabled=false, rotatable=false, networkConnectionEnabled=false, chrome={chromedriverVersion=2.32.498513 (2c63aa53b2c658de596ed550eb5267ec5967b351), userDataDir=/tmp/.org.chromium.Chromium.QFsAPb}, takesHeapSnapshot=true, pageLoadStrategy=normal, unhandledPromptBehavior=, databaseEnabled=false, handlesAlerts=true, version=61.0.3163.100, browserConnectionEnabled=false, nativeEvents=true, locationContextEnabled=true, cssSelectorsEnabled=true}]
Session ID: 8761ef8b1dd3252e7185efac474f355a
*** Element info: {Using=xpath, value=//*[@id='_com_liferay_game_web_portlet_GamePortlet_characters']}
	at sun.reflect.NativeConstructorAccessorImpl.newInstance0(Native Method)
	at sun.reflect.NativeConstructorAccessorImpl.newInstance(NativeConstructorAccessorImpl.java:62)
	at sun.reflect.DelegatingConstructorAccessorImpl.newInstance(DelegatingConstructorAccessorImpl.java:45)
	at java.lang.reflect.Constructor.newInstance(Constructor.java:423)
	at org.openqa.selenium.remote.ErrorHandler.createThrowable(ErrorHandler.java:215)
	at org.openqa.selenium.remote.ErrorHandler.throwIfResponseFailed(ErrorHandler.java:167)
	at org.openqa.selenium.remote.http.JsonHttpResponseCodec.reconstructValue(JsonHttpResponseCodec.java:40)
	at org.openqa.selenium.remote.http.AbstractHttpResponseCodec.decode(AbstractHttpResponseCodec.java:82)
	at org.openqa.selenium.remote.http.AbstractHttpResponseCodec.decode(AbstractHttpResponseCodec.java:45)
	at org.openqa.selenium.remote.HttpCommandExecutor.execute(HttpCommandExecutor.java:164)
	at org.openqa.selenium.remote.service.DriverCommandExecutor.execute(DriverCommandExecutor.java:82)
	at org.openqa.selenium.remote.RemoteWebDriver.execute(RemoteWebDriver.java:646)
	at org.openqa.selenium.remote.RemoteWebDriver.findElement(RemoteWebDriver.java:416)
	at org.openqa.selenium.remote.RemoteWebDriver.findElementByXPath(RemoteWebDriver.java:518)
	at org.openqa.selenium.By$ByXPath.findElement(By.java:361)
	at org.openqa.selenium.remote.RemoteWebDriver.findElement(RemoteWebDriver.java:408)
	at org.jboss.arquillian.graphene.enricher.WebElementUtils.dropProxyAndFindElement(WebElementUtils.java:158)
	at org.jboss.arquillian.graphene.enricher.WebElementUtils$1.getTarget(WebElementUtils.java:75)
	at org.jboss.arquillian.graphene.proxy.GrapheneProxyHandler.getTarget(GrapheneProxyHandler.java:149)
	at org.jboss.arquillian.graphene.proxy.GrapheneContextualHandler.invoke(GrapheneContextualHandler.java:124)
	at com.sun.proxy.$Proxy34.unwrap(Unknown Source)
	at org.jboss.arquillian.graphene.enricher.WebElementUtils.dropProxyAndFindElements(WebElementUtils.java:171)
	at org.jboss.arquillian.graphene.enricher.WebElementUtils$2.getTarget(WebElementUtils.java:85)
	at org.jboss.arquillian.graphene.proxy.GrapheneProxyHandler.getTarget(GrapheneProxyHandler.java:149)
	at org.jboss.arquillian.graphene.proxy.GrapheneContextualHandler$1.getTarget(GrapheneContextualHandler.java:218)
	at org.jboss.arquillian.graphene.proxy.GrapheneContextualHandler$1.invoke(GrapheneContextualHandler.java:169)
	at org.jboss.arquillian.graphene.enricher.StaleElementInterceptor$1.apply(StaleElementInterceptor.java:47)
	at org.jboss.arquillian.graphene.enricher.StaleElementInterceptor$1.apply(StaleElementInterceptor.java:43)
	at org.openqa.selenium.support.ui.FluentWait.until(FluentWait.java:209)
	at org.jboss.arquillian.graphene.wait.WebDriverWaitImpl.until(WebDriverWaitImpl.java:96)
	at org.jboss.arquillian.graphene.enricher.StaleElementInterceptor.intercept(StaleElementInterceptor.java:43)
	at org.jboss.arquillian.graphene.proxy.InvocationContextImpl.invoke(InvocationContextImpl.java:87)
	at org.jboss.arquillian.graphene.proxy.GrapheneContextualHandler$2.call(GrapheneContextualHandler.java:241)
	at org.jboss.arquillian.graphene.context.BrowserActions.performAction(BrowserActions.java:62)
	at org.jboss.arquillian.graphene.proxy.GrapheneContextualHandler.invoke(GrapheneContextualHandler.java:237)
	at com.sun.proxy.$Proxy32.get(Unknown Source)
	at com.liferay.game.functional.test.util.FunctionalTestLocatorsHelper.fetchElement(FunctionalTestLocatorsHelper.java:45)
	at com.liferay.game.functional.test.util.CommonSteps.fetchCharacter(CommonSteps.java:91)
	at com.liferay.game.functional.test.util.CommonSteps.findCharacter(CommonSteps.java:104)
	at com.liferay.game.functional.test.CharacterSearchFeatureTest.findCharacter(CharacterSearchFeatureTest.java:63)
	at ✽.Then I see Arya Stark in the list of characters(features/character_search.feature:9)
</pre>
</span>
</div>
</div>
<div id="tab1" class="tab">
<h2>Tests</h2>
<table>
<thead>
<tr>
<th>Test</th>
<th>Duration</th>
<th>Result</th>
</tr>
</thead>
<tr>
<td class="success">Scenario: Adding a new Character </td>
<td>34.100s</td>
<td class="success">passed</td>
</tr>
<tr>
<td class="failures">Scenario: Search a character by family name </td>
<td>2.637s</td>
<td class="failures">failed</td>
</tr>
<tr>
<td class="failures">Scenario: Search a character by name </td>
<td>3.340s</td>
<td class="failures">failed</td>
</tr>
</table>
</div>
</div>
<div id="footer">
<p>
<div>
<label class="hidden" id="label-for-line-wrapping-toggle" for="line-wrapping-toggle">Wrap lines
<input id="line-wrapping-toggle" type="checkbox" autocomplete="off"/>
</label>
</div>Generated by 
<a href="http://www.gradle.org">Gradle 3.5</a> at Sep 28, 2017 8:40:10 AM</p>
</div>
</div>
</body>
</html>
